1748 app_context::start_logger  476 ---- 2024/11/14 18:57:57.976 -------------------------------------------------
1748 app_context::start_logger  479 Host process is 'cmd.exe' (pid 5960)
1748 app_context::start_logger  483 DLL path is 'C:\Users\user\Desktop\nodejs\day02\cmder_mini\vendor\clink'
1748 app_context::start_logger  498 Windows version 10.0.19045 (x64)
1748 app_context::start_logger  500 Clink version 1.6.14.93b83f (x64)
1748 hook_setter::hook_setter  159 >>> Started hook transaction.
1748 hook_setter::attach_iat   316 Attempting to hook SetEnvironmentVariableW in IAT for module 00007FF7023A0000.
1748 pe_info::iterate_imports  195 Found import in 'api-ms-win-core-processenvironment-l1-1-0.dll'
1748 find_iat                  124 Found import at 00007FF7023D3860 (value is 00007FFE61F43490).
1748 hook_setter::attach_iat   316 Attempting to hook SetEnvironmentStringsW in IAT for module 00007FF7023A0000.
1748 pe_info::iterate_imports  195 Found import in 'api-ms-win-core-processenvironment-l1-1-0.dll'
1748 find_iat                  124 Found import at 00007FF7023D3888 (value is 00007FFE61F3D560).
1748 hook_setter::attach_iat   316 Attempting to hook WriteConsoleW in IAT for module 00007FF7023A0000.
1748 pe_info::iterate_imports  195 Found import in 'api-ms-win-core-console-l1-1-0.dll'
1748 find_iat                  124 Found import at 00007FF7023D34F8 (value is 00007FFE61EE76D0).
1748 hook_setter::attach_iat   316 Attempting to hook GetEnvironmentVariableW in IAT for module 00007FF7023A0000.
1748 pe_info::iterate_imports  195 Found import in 'api-ms-win-core-processenvironment-l1-1-0.dll'
1748 find_iat                  124 Found import at 00007FF7023D3880 (value is 00007FFE61F05430).
1748 hook_setter::commit       207 <<< Hook transaction committed.
1748 hook_setter::hook_setter  159 >>> Started hook transaction.
1748 hook_setter::detach_iat   359 Attempting to unhook 00007FFDE9DD5200 from GetEnvironmentVariableW in IAT for module 00007FF7023A0000.
1748 pe_info::iterate_imports  195 Found import in 'api-ms-win-core-processenvironment-l1-1-0.dll'
1748 find_iat                  124 Found import at 00007FF7023D3880 (value is 00007FFDE9DD5200).
1748 hook_setter::commit       207 <<< Hook transaction committed.
1748 hook_setter::hook_setter  159 >>> Started hook transaction.
1748 hook_setter::attach_iat   316 Attempting to hook ReadConsoleW in IAT for module 00007FF7023A0000.
1748 pe_info::iterate_imports  195 Found import in 'api-ms-win-core-console-l1-1-0.dll'
1748 find_iat                  124 Found import at 00007FF7023D34E0 (value is 00007FFE61FF0AD0).
1748 hook_setter::commit       207 <<< Hook transaction committed.
1748 hook_setter::hook_setter  159 >>> Started hook transaction.
1748 hook_setter::attach_iat   316 Attempting to hook SetConsoleTitleW in IAT for module 00007FF7023A0000.
1748 pe_info::iterate_imports  195 Found import in 'api-ms-win-core-console-l2-2-0.dll'
1748 find_iat                  124 Found import at 00007FF7023D3558 (value is 00007FFE61F56CD0).
1748 hook_setter::commit       207 <<< Hook transaction committed.
1748 win_screen_buffer::begin  366 Using native terminal support (auto mode found 'ConEmuHk64.dll').
1748 init_cached_font          577 console font "굴림체", cell width 3, pitch and family 0x36
1748 init_cached_font          578 East Asian Ambiguous mode 3
1748 host_lua::load_scripts    192 Loaded 2 Lua scripts in 87 ms
1748 @~clink~/app/update.lua   370 Clink updater: too soon to check for updates (1731578205 vs 1731578279).
1748 history_db::initialise   1321 master bank ctag: |CTAG_1731578200_3142515_15720_0
1748 history_db::compact      1599 History:  0 active, 0 deleted
1748 history_db::compact      1599 History:  0 active, 0 deleted
1748 history_db::compact      1599 History:  0 active, 0 deleted
1748 history_db::compact      1599 History:  0 active, 0 deleted
1748 history_db::compact      1599 History:  0 active, 0 deleted
1748 history_db::compact      1599 History:  0 active, 0 deleted
1748 history_db::compact      1599 History:  0 active, 0 deleted
1748 history_db::compact      1599 History:  0 active, 0 deleted
1748 history_db::compact      1599 History:  0 active, 0 deleted
1748 history_db::compact      1599 History:  0 active, 0 deleted
1748 history_db::compact      1599 History:  0 active, 0 deleted
1748 history_db::compact      1599 History:  0 active, 0 deleted
1748 history_db::compact      1599 History:  0 active, 0 deleted
1748 reset_handle              144 resetting mismatched stdout handle
1748 history_db::compact      1599 History:  0 active, 0 deleted
1748 history_db::compact      1599 History:  0 active, 0 deleted
